{"C:\\Users\\ISIGBA\\OneDrive\\Desktop\\pre-microverse\\My-projects\\module2\\codeTesting\\src\\modules\\app.js": {"path":"C:\\Users\\ISIGBA\\OneDrive\\Desktop\\pre-microverse\\My-projects\\module2\\codeTesting\\src\\modules\\app.js","statementMap":{"0":{"start":{"line":1,"column":22},"end":{"line":4,"column":3}},"1":{"start":{"line":2,"column":2},"end":{"line":2,"column":59}},"2":{"start":{"line":2,"column":41},"end":{"line":2,"column":59}},"3":{"start":{"line":3,"column":4},"end":{"line":3,"column":28}},"4":{"start":{"line":6,"column":2},"end":{"line":6,"column":32}}},"fnMap":{"0":{"name":"(anonymous_0)","decl":{"start":{"line":1,"column":22},"end":{"line":1,"column":23}},"loc":{"start":{"line":1,"column":30},"end":{"line":4,"column":3}},"line":1}},"branchMap":{"0":{"loc":{"start":{"line":2,"column":2},"end":{"line":2,"column":59}},"type":"if","locations":[{"start":{"line":2,"column":2},"end":{"line":2,"column":59}},{"start":{},"end":{}}],"line":2},"1":{"loc":{"start":{"line":2,"column":5},"end":{"line":2,"column":39}},"type":"binary-expr","locations":[{"start":{"line":2,"column":5},"end":{"line":2,"column":19}},{"start":{"line":2,"column":23},"end":{"line":2,"column":39}}],"line":2}},"s":{"0":2,"1":3,"2":2,"3":1,"4":2},"f":{"0":3},"b":{"0":[2,1],"1":[3,2]},"_coverageSchema":"1a1c01bbd47fc00a2c39e90264f33305004495a9","hash":"358f453d73936ce9edd88d211b05e97ae4b3617f"}
}
